0 info it worked if it ends with ok
1 verbose cli [ 'C:\\Program Files\\nodejs\\node.exe',
1 verbose cli   'C:\\Program Files\\nodejs\\node_modules\\npm\\bin\\npm-cli.js',
1 verbose cli   'install',
1 verbose cli   'mysql' ]
2 info using npm@3.10.8
3 info using node@v6.9.1
4 silly loadCurrentTree Starting
5 silly install loadCurrentTree
6 silly install readLocalPackageData
7 silly fetchPackageMetaData mysql
8 silly fetchNamedPackageData mysql
9 silly mapToRegistry name mysql
10 silly mapToRegistry using default registry
11 silly mapToRegistry registry https://registry.npmjs.org/
12 silly mapToRegistry data Result {
12 silly mapToRegistry   raw: 'mysql',
12 silly mapToRegistry   scope: null,
12 silly mapToRegistry   escapedName: 'mysql',
12 silly mapToRegistry   name: 'mysql',
12 silly mapToRegistry   rawSpec: '',
12 silly mapToRegistry   spec: 'latest',
12 silly mapToRegistry   type: 'tag' }
13 silly mapToRegistry uri https://registry.npmjs.org/mysql
14 verbose request uri https://registry.npmjs.org/mysql
15 verbose request no auth needed
16 info attempt registry request try #1 at 11:20:46 AM
17 verbose request id 647712a842c39746
18 http request GET https://registry.npmjs.org/mysql
19 info retry will retry, error on last attempt: Error: connect ETIMEDOUT 151.101.120.162:443
20 info attempt registry request try #2 at 11:21:18 AM
21 http request GET https://registry.npmjs.org/mysql
22 info retry will retry, error on last attempt: Error: connect ETIMEDOUT 151.101.120.162:443
23 info attempt registry request try #3 at 11:22:39 AM
24 http request GET https://registry.npmjs.org/mysql
25 verbose stack Error: kill ENOSYS
25 verbose stack     at exports._errnoException (util.js:1026:11)
25 verbose stack     at process.kill (internal/process.js:172:13)
25 verbose stack     at process.listener (C:\Program Files\nodejs\node_modules\npm\node_modules\npmlog\node_modules\gauge\node_modules\signal-exit\index.js:86:15)
25 verbose stack     at emitNone (events.js:91:20)
25 verbose stack     at process.emit (events.js:185:7)
25 verbose stack     at processEmit (C:\Program Files\nodejs\node_modules\npm\node_modules\npmlog\node_modules\gauge\node_modules\signal-exit\index.js:146:32)
25 verbose stack     at processEmit (C:\Program Files\nodejs\node_modules\npm\node_modules\npm-registry-client\node_modules\npmlog\node_modules\gauge\node_modules\signal-exit\index.js:146:32)
25 verbose stack     at Signal.wrap.onsignal (internal/process.js:199:44)
26 verbose cwd D:\eclipse\eclips projects
27 error Windows_NT 6.1.7601
28 error argv "C:\\Program Files\\nodejs\\node.exe" "C:\\Program Files\\nodejs\\node_modules\\npm\\bin\\npm-cli.js" "install" "mysql"
29 error node v6.9.1
30 error npm  v3.10.8
31 error code ENOSYS
32 error errno ENOSYS
33 error syscall kill
34 error kill ENOSYS
35 error If you need help, you may report this error at:
35 error     <https://github.com/npm/npm/issues>
36 verbose exit [ 1, true ]
